 
   Output from MFDn in M-scheme basis Version 15
 
 
          References for using this code        
 
 P. Maris, M. Sosonkina, J.P. Vary, E.G. Ng, C. Yang,
 Scaling of ab-initio nuclear physics calculations on multicore computer archite
 ctures,
 in Procedia Computer Science 1, pp. 97-106 (May 2010, ICCS 2010)
 DOI: 10.1016/j.procs.2010.04.012
 Url: http://www.sciencedirect.com/science/article/pii/S187705091000013X
 
 H.M. Aktulga, C. Yang, E.G. Ng, P. Maris, and J.P. Vary,
 Improving the Scalability of a Symmetric Iterative Eigensolver for Multi-core P
 latforms,
 Concurrency Computat.: Pract. Exper. 26, pp. 2631-2651 (2014)
 DOI: 10.1002/cpe.3129
 Url: http://onlinelibrary.wiley.com/doi/10.1002/cpe.3129/abstract;jsessionid=0D
 E779AA1FC785FA0065CA2A1392E8A4.f03t02
 
          See also NCSM review article          
 
 B.R. Barrett, P. Navratil, and J. P. Vary
 Ab initio no core shell model,
 Prog. Part. Nucl. Phys. 69, pp. 131-181 (2013) 
 
 
  Normal run of MFDn
 
   Number of MPI processors             6
   Number of diagonals                  3
   Number of threads per proc         256
   Timer started 
 
  Read input from mfdn.input
 
  Number of protons            4
  Number of neutrons           5
  Total number of particles            9
 
  Max. number of S.P. shells             13
  Total number of S.P. orbitals         182
  Total number of S.P. states          1820
 
  M_j constraint:  M_j =  0.5000000    
  parity (0 means both + and/or -)           -1
 
  Nzero (minimal sum(2n+l) )             5
  Nmin (sum(2n+l) above Nzero)           0
  Delta N                                2
  Nmax (sum(2n+l) above Nzero)           8
 
  WTzero (minimal many-body weight)   5.000000    
  WTmax (many-body weights cutoff )   13.10000    
 
  Two-body interaction 
 
  Number of eigenstates              5
  Max number of iterations         400
  Starting at iter. number           0
  Selection pivot vector             3
  Requested tolerance       1.000000000000000E-006
 
  Finished reading relevant parameters on all procs
  Finished generating SP basis on all procs 
  Time reading input/setup SP basis   0.263010978698730     
 
 
  Number of CSB groups       16528
  Distribution of CSB groups:
    min. number of CSB groups         5503
    max. number of CSB groups         5515
 
  Number of groupIDs        675847
  Distribution of groupIDs:  
    min. number of groupIDs is      225282
    max. number of groupIDs is      225283
 
  Dimension of M-basis               63003395
    number of M-scheme states with exactly N quanta;  with up to N quanta
   Ntot           5   dimensions                    62                    62
   Ntot           7   dimensions                  8438                  8500
   Ntot           9   dimensions                280430                288930
   Ntot          11   dimensions               4917554               5206484
   Ntot          13   dimensions              57796911              63003395
 
  Distribution of M-basis states:
    min. number of M-states is    21000872
    max. number of M-states is    21001305
 
  Details on root:
    max. number of M-scheme states per groupid        3284  at      140756
    min, avg, max groupsize           1   93.22188            3284
 
  More details on root:
    number of blkgroups = nblks        5503
    blkgroup size limit        4000
    min, avg, max blocksize          15   3816.337            4000
 
 
  Finished generating (or reading) MB basis info
 
    max. weight for single particle is   9.000000    
    max. weight for           2  particles   10.00000    
 
    max. j2 value for single particle is          19
    max. j2 value for           2  particles          22
 
  Time generating+writing (or reading) MB basis    1.11396193504333     
 
  Finished distributing MB basis
 
  Number of groupids        675847
  Dimension of M-basis              63003395
 
  Time distributing MB basis  9.825015068054199E-002
 
 
  Structure of many-body H-matrix 
 
  Number of nonzero tiles (excl. diagonal tiles)             336689730
  Distribution of nonzero tiles:
    min. number of nonzero tiles    37366816
    max. number of nonzero tiles    74854526
 
  min time counting tiles     1.07911419868469     
  avg time counting tiles     1.69426949818929     
  max time counting tiles     2.31663799285889     
 
  min time construct tiles    1.08805799484253     
  avg time construct tiles    1.66825870672862     
  max time construct tiles    2.25352692604065     
 
  Details on root: 
    Number of diag. tiles       225283  ( = number of groups)
    number of tiles            0  differ by            0
    number of tiles      1057719  differ by            1
    number of tiles     36338709  differ by            2
 
 
  Number of nonzero m.e. on diag tiles             716759579
  Distribution of nonzero m.e. on diag tiles:
    min. number of nonzero m.e. dtiles   115928736
    max. number of nonzero m.e. dtiles   123003289
  (distributed over all MPI processors)
 
  NNZ on diagonals (excl. diag. tiles)           14906164147
  Distribution of nonzero m.e. on diags:
    min. number of nonzero m.e. diags             4961136434
    max. number of nonzero m.e. diags             4980166875
 
  NNZ off-diagonals (excl. diag.tiles)           29849241779
  Distribution of nonzero matrix elements:
    min. number of nonzero m.e. off-d             9944362334
    max. number of nonzero m.e. off-d             9958166855
 
 
  min time counting nonzeros   7.50685691833496     
  avg time counting nonzeros   11.0521245400111     
  max time counting nonzeros   14.6215360164642     
 
 
  Finished determining sparsity structure
 
   Total number of nonzero matrix elements            45472165505
 
   Number of nonzero m.e. on diagonal tiles             716759579
  Total number of diagonal tiles(=ngroupids)      675847
 
   Number of nonzero m.e. excl. diag. tiles           44755405926
  Number of nonzero tiles excl. diag. tiles             336689730
  Total number of nonzero CSB_coo blks                   10605989
 
  matrix element sparsity   2.291119389796631E-005
  sparsity excl.diag.tiles  2.255005390143617E-005
  tile (group) sparsity     1.474220485310366E-003
  CSB_coo block sparsity    7.764514121883934E-002
 
  Time sparsity structure      20.6701748371124     
 
 
  Reading 2-body H.O. TBME in pp, nn, pn format
   hbar-omega   20.00000     nucleon mass   938.9200    
 
  Lambda H_CM   3.000000    
 
  reading T_rel from TBME_TrelHO.bin
  reading H_rel from TBME_HrelHO.bin
  reading V_NN from  VNN_Daejeon16_hw20.0.bin
 
  Finished reading and distributing 2-body m.e.
 
  Finished reading and distributing V
 
  Time reading and distributing V    0.935721158981323     
 
 
  Number of nonzero matrix elements           45472165505
  Distribution of nonzero matrix elements:
    min. number of nonzero m.e. is             5077065170
    max. number of nonzero m.e. is            10081170144
 
  min time construct mat.el.   79.8518848419189     
  avg time construct mat.el.   117.542364478111     
  max time construct mat.el.   154.712540864944     
 
  Time constructing Many-Body m.e.    154.712168931961     
 
 
  Starting LOBPCG for indx_Nm           3
  Local dimension for indx_Nm       96154
  Preparation time      3.30851793289185     
  It#,  Time,   Ei for i = 1 through  4,     max error
   0  0.240E+00         84.1434     82.6485     82.2814     81.3834         0.43E+00
   1  0.728E-01        -10.3871     -6.5885     -4.5909     -2.0215         0.98E+00
   2  0.563E-01        -21.4930    -18.1413    -17.0420    -15.7415         0.57E+00
   3  0.429E-01        -28.6907    -27.8095    -23.9040    -22.6958         0.42E+00
   4  0.433E-01        -36.1912    -32.5104    -28.7003    -27.4932         0.29E+00
   5  0.596E-01        -42.6055    -35.6411    -32.8562    -30.9905         0.29E+00
   6  0.561E-01        -47.4149    -40.3853    -38.2935    -35.2731         0.25E+00
   7  0.561E-01        -49.8115    -44.3697    -41.1540    -38.3421         0.17E+00
   8  0.536E-01        -51.3392    -46.3856    -42.9512    -39.9503         0.17E+00
   9  0.559E-01        -52.3416    -47.8266    -44.3568    -40.9063         0.14E+00
  10  0.560E-01        -52.9818    -48.9408    -45.2668    -41.9457         0.11E+00
  11  0.573E-01        -53.3581    -49.6248    -45.7774    -42.8146         0.90E-01
  12  0.560E-01        -53.5464    -50.0064    -46.0629    -43.4760         0.81E-01
  13  0.556E-01        -53.6477    -50.2618    -46.2347    -44.0651         0.77E-01
  14  0.449E-01        -53.7017    -50.4453    -46.3411    -44.6108         0.72E-01
  15  0.402E-01        -53.7282    -50.5605    -46.4073    -45.0749         0.64E-01
  16  0.396E-01        -53.7412    -50.6256    -46.4446    -45.4372         0.58E-01
  17  0.466E-01        -53.7478    -50.6600    -46.4631    -45.7050         0.50E-01
  18  0.546E-01        -53.7511    -50.6774    -46.4723    -45.8857         0.41E-01
  19  0.564E-01        -53.7528    -50.6863    -46.4775    -46.0055         0.34E-01
  20  0.560E-01        -53.7537    -50.6907    -46.4803    -46.0886         0.28E-01
  21  0.545E-01        -53.7541    -50.6929    -46.4817    -46.1462         0.24E-01
  22  0.411E-01        -53.7542    -50.6942    -46.4825    -46.1874         0.21E-01
  23  0.462E-01        -53.7543    -50.6950    -46.4830    -46.2196         0.18E-01
  24  0.458E-01        -53.7543    -50.6954    -46.4833    -46.2415         0.15E-01
  25  0.401E-01        -53.7543    -50.6957    -46.4835    -46.2541         0.12E-01
  26  0.412E-01        -53.7544    -50.6958    -46.4836    -46.2612         0.94E-02
  27  0.404E-01        -53.7544    -50.6958    -46.4837    -46.2648         0.67E-02
  28  0.396E-01        -53.7544    -50.6958    -46.4837    -46.2664         0.48E-02
  29  0.397E-01        -53.7544    -50.6959    -46.4837    -46.2673         0.37E-02
  30  0.398E-01        -53.7544    -50.6959    -46.4838    -46.2678         0.27E-02
  31  0.441E-01        -53.7544    -50.6959    -46.4838    -46.2680         0.21E-02
  32  0.544E-01        -53.7544    -50.6959    -46.4838    -46.2681         0.16E-02
  33  0.560E-01        -53.7544    -50.6959    -46.4838    -46.2682         0.13E-02
  34  0.600E-01        -53.7544    -50.6959    -46.4838    -46.2682         0.10E-02
  35  0.404E-01        -53.7544    -50.6959    -46.4838    -46.2682         0.80E-03
  36  0.447E-01        -53.7544    -50.6959    -46.4838    -46.2682         0.63E-03
  37  0.400E-01        -53.7544    -50.6959    -46.4838    -46.2682         0.50E-03
  38  0.398E-01        -53.7544    -50.6959    -46.4838    -46.2682         0.40E-03
  39  0.561E-01        -53.7544    -50.6959    -46.4838    -46.2682         0.33E-03
  40  0.521E-01        -53.7544    -50.6959    -46.4838    -46.2682         0.25E-03
  41  0.480E-01        -53.7544    -50.6959    -46.4838    -46.2682         0.20E-03
  42  0.407E-01        -53.7544    -50.6959    -46.4838    -46.2682         0.16E-03
  43  0.395E-01        -53.7544    -50.6959    -46.4838    -46.2682         0.13E-03
  44  0.400E-01        -53.7544    -50.6959    -46.4838    -46.2682         0.10E-03
  45  0.473E-01        -53.7544    -50.6959    -46.4838    -46.2682         0.79E-04
  46  0.436E-01        -53.7544    -50.6959    -46.4838    -46.2682         0.62E-04
  47  0.440E-01        -53.7544    -50.6959    -46.4838    -46.2682         0.47E-04
  48  0.480E-01        -53.7544    -50.6959    -46.4838    -46.2682         0.36E-04
  49  0.441E-01        -53.7544    -50.6959    -46.4838    -46.2682         0.29E-04
  50  0.536E-01        -53.7544    -50.6959    -46.4838    -46.2682         0.23E-04
  51  0.599E-01        -53.7544    -50.6959    -46.4838    -46.2682         0.18E-04
  52  0.560E-01        -53.7544    -50.6959    -46.4838    -46.2682         0.15E-04
  53  0.532E-01        -53.7544    -50.6959    -46.4838    -46.2682         0.12E-04
  54  0.560E-01        -53.7544    -50.6959    -46.4838    -46.2682         0.93E-05
  55  0.560E-01        -53.7544    -50.6959    -46.4838    -46.2682         0.77E-05
  56  0.466E-01        -53.7544    -50.6959    -46.4838    -46.2682         0.60E-05
  57  0.554E-01        -53.7544    -50.6959    -46.4838    -46.2682         0.47E-05
  58  0.365E-01        -53.7544    -50.6959    -46.4838    -46.2682         0.37E-05
  59  0.364E-01        -53.7544    -50.6959    -46.4838    -46.2682         0.29E-05
  60  0.361E-01        -53.7544    -50.6959    -46.4838    -46.2682         0.22E-05
  61  0.390E-01        -53.7544    -50.6959    -46.4838    -46.2682         0.17E-05
  62  0.400E-01        -53.7544    -50.6959    -46.4838    -46.2682         0.13E-05
  63  0.361E-01        -53.7544    -50.6959    -46.4838    -46.2682         0.98E-06
 
    Number of converged states           5
    Binding energy, error estimate, and absres
     1      -53.7544    0.5397E-06    0.5802E-04
     2      -50.6959    0.3140E-06    0.3184E-04
     3      -46.4838    0.4888E-06    0.4545E-04
     4      -46.2682    0.3480E-06    0.3220E-04
     5      -43.8889    0.9760E-06    0.8567E-04
     6      -42.3040    0.6823E-05    0.5772E-03
     7      -41.7961    0.4204E-04    0.3515E-02
     8      -40.7210    0.1023E-03    0.8333E-02
 
  LOBPCG iteration time   3.27263617515564      for          64 its
  Running with         128  OMP threads
  Average time per iteration  5.113494023680687E-002
    max local precond time     2.000331878662109E-004
    max ortho time incl com    0.136432409286499     
    max SpMM time incl com      2.29805636405945     
    max LOBPCG time incl com    1.03764986991882     
    max Col AllGatherV         0.105146169662476     
    max Col ReduceScatter      0.722262859344482     
    max comm time lobpcg       5.686068534851074E-002
    max comm time ortho        0.685518264770508     
  Total Time for LOBPCG   6.67134881019592     
  Finished LOBPCG for indx_Nm           3
 
 
  Starting LOBPCG for indx_Nm           4
  Local dimension for indx_Nm     1732847
  Preparation time     0.126388072967529     
  It#,  Time,   Ei for i = 1 through  4,     max error
   0  0.584E+00        -53.7544    -50.6959    -46.4838    -46.2682         0.21E+00
   1  0.224E+00        -55.5560    -52.5422    -48.9702    -47.9552         0.65E-01
   2  0.227E+00        -55.7909    -52.7900    -49.3632    -48.1779         0.48E-01
   3  0.225E+00        -55.9311    -52.9391    -49.5923    -48.3136         0.33E-01
   4  0.229E+00        -55.9860    -52.9983    -49.6800    -48.3684         0.21E-01
   5  0.226E+00        -56.0079    -53.0218    -49.7109    -48.3899         0.12E-01
   6  0.223E+00        -56.0143    -53.0290    -49.7194    -48.3965         0.65E-02
   7  0.225E+00        -56.0160    -53.0311    -49.7215    -48.3983         0.44E-02
   8  0.237E+00        -56.0164    -53.0320    -49.7222    -48.3989         0.38E-02
   9  0.231E+00        -56.0167    -53.0327    -49.7226    -48.3994         0.33E-02
  10  0.222E+00        -56.0169    -53.0331    -49.7228    -48.3997         0.26E-02
  11  0.229E+00        -56.0169    -53.0333    -49.7229    -48.3998         0.20E-02
  12  0.224E+00        -56.0170    -53.0334    -49.7229    -48.3999         0.17E-02
  13  0.226E+00        -56.0170    -53.0334    -49.7229    -48.3999         0.14E-02
  14  0.223E+00        -56.0170    -53.0334    -49.7229    -48.3999         0.12E-02
  15  0.232E+00        -56.0170    -53.0334    -49.7229    -48.3999         0.94E-03
  16  0.223E+00        -56.0170    -53.0334    -49.7229    -48.3999         0.76E-03
  17  0.230E+00        -56.0170    -53.0334    -49.7229    -48.3999         0.63E-03
  18  0.223E+00        -56.0170    -53.0334    -49.7229    -48.4000         0.47E-03
  19  0.226E+00        -56.0170    -53.0334    -49.7229    -48.4000         0.35E-03
  20  0.233E+00        -56.0170    -53.0334    -49.7229    -48.4000         0.30E-03
  21  0.224E+00        -56.0170    -53.0334    -49.7229    -48.4000         0.24E-03
  22  0.223E+00        -56.0170    -53.0334    -49.7229    -48.4000         0.18E-03
  23  0.223E+00        -56.0170    -53.0334    -49.7229    -48.4000         0.14E-03
  24  0.230E+00        -56.0170    -53.0334    -49.7229    -48.4000         0.97E-04
  25  0.223E+00        -56.0170    -53.0334    -49.7229    -48.4000         0.68E-04
  26  0.244E+00        -56.0170    -53.0334    -49.7229    -48.4000         0.51E-04
  27  0.225E+00        -56.0170    -53.0334    -49.7229    -48.4000         0.37E-04
  28  0.226E+00        -56.0170    -53.0334    -49.7229    -48.4000         0.28E-04
  29  0.224E+00        -56.0170    -53.0334    -49.7229    -48.4000         0.23E-04
  30  0.228E+00        -56.0170    -53.0334    -49.7229    -48.4000         0.17E-04
  31  0.221E+00        -56.0170    -53.0334    -49.7229    -48.4000         0.13E-04
  32  0.225E+00        -56.0170    -53.0334    -49.7229    -48.4000         0.10E-04
  33  0.181E+00        -56.0170    -53.0334    -49.7229    -48.4000         0.77E-05
  34  0.174E+00        -56.0170    -53.0334    -49.7229    -48.4000         0.62E-05
  35  0.175E+00        -56.0170    -53.0334    -49.7229    -48.4000         0.52E-05
  36  0.175E+00        -56.0170    -53.0334    -49.7229    -48.4000         0.42E-05
  37  0.176E+00        -56.0170    -53.0334    -49.7229    -48.4000         0.35E-05
  38  0.174E+00        -56.0170    -53.0334    -49.7229    -48.4000         0.30E-05
  39  0.174E+00        -56.0170    -53.0334    -49.7229    -48.4000         0.25E-05
  40  0.178E+00        -56.0170    -53.0334    -49.7229    -48.4000         0.22E-05
  41  0.175E+00        -56.0170    -53.0334    -49.7229    -48.4000         0.19E-05
  42  0.174E+00        -56.0170    -53.0334    -49.7229    -48.4000         0.16E-05
  43  0.174E+00        -56.0170    -53.0334    -49.7229    -48.4000         0.14E-05
  44  0.175E+00        -56.0170    -53.0334    -49.7229    -48.4000         0.12E-05
  45  0.185E+00        -56.0170    -53.0334    -49.7229    -48.4000         0.89E-06
 
    Number of converged states           5
    Binding energy, error estimate, and absres
     1      -56.0170    0.5697E-06    0.6383E-04
     2      -53.0334    0.6100E-06    0.6470E-04
     3      -49.7229    0.6874E-06    0.6836E-04
     4      -48.4000    0.5206E-06    0.5040E-04
     5      -47.3561    0.8851E-06    0.8383E-04
     6      -45.2406    0.1442E-05    0.1304E-03
     7      -44.1217    0.7634E-06    0.6737E-04
     8      -43.0631    0.6121E-05    0.5272E-03
 
  LOBPCG iteration time   10.1298151016235      for          46 its
  Running with         128  OMP threads
  Average time per iteration  0.220213371774425     
    max local precond time     1.394748687744141E-004
    max ortho time incl com    0.242627859115601     
    max SpMM time incl com      8.84214067459106     
    max LOBPCG time incl com    1.60618877410889     
    max Col AllGatherV         0.624051094055176     
    max Col ReduceScatter       2.58300542831421     
    max comm time lobpcg       4.818129539489746E-002
    max comm time ortho        0.672584772109985     
  Total Time for LOBPCG   10.8345611095428     
  Finished LOBPCG for indx_Nm           4
 
 
  Starting LOBPCG for indx_Nm           5
  Local dimension for indx_Nm    21001305
  Preparation time      1.27561807632446     
  It#,  Time,   Ei for i = 1 through  4,     max error
   0  0.568E+01        -56.0170    -53.0334    -49.7229    -48.3999         0.15E+00
   1  0.358E+01        -56.8329    -53.8930    -50.9856    -49.1997         0.52E-01
   2  0.354E+01        -56.9635    -54.0338    -51.2235    -49.3316         0.39E-01
   3  0.354E+01        -57.0417    -54.1191    -51.3651    -49.4136         0.29E-01
   4  0.397E+01        -57.0909    -54.1735    -51.4559    -49.4666         0.19E-01
   5  0.395E+01        -57.1040    -54.1880    -51.4781    -49.4812         0.94E-02
   6  0.395E+01        -57.1077    -54.1918    -51.4837    -49.4852         0.52E-02
   7  0.395E+01        -57.1087    -54.1928    -51.4853    -49.4864         0.33E-02
   8  0.395E+01        -57.1090    -54.1931    -51.4858    -49.4870         0.26E-02
   9  0.397E+01        -57.1091    -54.1933    -51.4861    -49.4873         0.20E-02
  10  0.396E+01        -57.1091    -54.1934    -51.4862    -49.4875         0.14E-02
  11  0.395E+01        -57.1091    -54.1934    -51.4863    -49.4875         0.99E-03
  12  0.395E+01        -57.1092    -54.1934    -51.4863    -49.4876         0.75E-03
  13  0.395E+01        -57.1092    -54.1934    -51.4863    -49.4876         0.55E-03
  14  0.396E+01        -57.1092    -54.1935    -51.4863    -49.4876         0.39E-03
  15  0.397E+01        -57.1092    -54.1935    -51.4863    -49.4876         0.28E-03
  16  0.397E+01        -57.1092    -54.1935    -51.4863    -49.4876         0.19E-03
  17  0.398E+01        -57.1092    -54.1935    -51.4863    -49.4876         0.13E-03
  18  0.396E+01        -57.1092    -54.1935    -51.4863    -49.4876         0.84E-04
  19  0.396E+01        -57.1092    -54.1935    -51.4863    -49.4876         0.53E-04
  20  0.396E+01        -57.1092    -54.1935    -51.4863    -49.4876         0.36E-04
  21  0.397E+01        -57.1092    -54.1935    -51.4863    -49.4876         0.25E-04
  22  0.397E+01        -57.1092    -54.1935    -51.4863    -49.4876         0.17E-04
  23  0.396E+01        -57.1092    -54.1935    -51.4863    -49.4876         0.11E-04
  24  0.393E+01        -57.1092    -54.1935    -51.4863    -49.4876         0.80E-05
  25  0.390E+01        -57.1092    -54.1935    -51.4863    -49.4876         0.60E-05
  26  0.390E+01        -57.1092    -54.1935    -51.4863    -49.4876         0.44E-05
  27  0.388E+01        -57.1092    -54.1935    -51.4863    -49.4876         0.32E-05
  28  0.388E+01        -57.1092    -54.1935    -51.4863    -49.4876         0.24E-05
  29  0.386E+01        -57.1092    -54.1935    -51.4863    -49.4876         0.17E-05
  30  0.322E+01        -57.1092    -54.1935    -51.4863    -49.4876         0.13E-05
  31  0.322E+01        -57.1092    -54.1935    -51.4863    -49.4876         0.91E-06
 
    Number of converged states           5
    Binding energy, error estimate, and absres
     1      -57.1092    0.6783E-06    0.7747E-04
     2      -54.1935    0.7201E-06    0.7805E-04
     3      -51.4863    0.6526E-06    0.6720E-04
     4      -49.4876    0.5091E-06    0.5039E-04
     5      -49.2710    0.9058E-06    0.8926E-04
     6      -46.8336    0.1260E-05    0.1180E-03
     7      -45.2128    0.7440E-05    0.6728E-03
     8      -44.2340    0.2019E-05    0.1786E-03
 
  LOBPCG iteration time   125.335942983627      for          32 its
  Running with         128  OMP threads
  Average time per iteration   3.91674821823835     
    max local precond time      10.6033985614777     
    max ortho time incl com     5.14164400100708     
    max SpMM time incl com      105.334451675415     
    max LOBPCG time incl com    8.97148919105530     
    max Col AllGatherV          6.05714130401611     
    max Col ReduceScatter       26.0489156246185     
    max comm time lobpcg        3.24498009681702     
    max comm time ortho         1.75270104408264     
  Total Time for LOBPCG   131.823662042618     
  Finished LOBPCG for indx_Nm           5
 
  Postprocessing LOBPCG finished
   Number of vectors in LOBPCG              8
   Number of converged eigenpairs           5
   smwf written to file for           8 states
   evaluated abs. error for           8 states
  LOBPCG to file time   2.44053792953491     
 
  Eigen energy, error est, residu ||H psi - E psi||
           1  -57.10916      6.7830422E-07  7.7474760E-05
           2  -54.19345      7.2008208E-07  7.8047466E-05
           3  -51.48632      6.5259411E-07  6.7199340E-05
           4  -49.48759      5.0907613E-07  5.0385905E-05
           5  -49.27097      9.0579772E-07  8.9259061E-05
           6  -46.83361      1.2597595E-06  1.1799816E-04
           7  -45.21278      7.4402569E-06  6.7278947E-04
           8  -44.23405      2.0193361E-06  1.7864682E-04
 
  Time solving lowest eigenstates     156.636389017105     
  including error estimates and writing eigenvectors to file
 
 
 INPUT: read in TBME files for observables
 opening new binary TBME file   TBME_R2.bin
 opening new binary TBME file   TBME_HCM.bin
 
    prep time observables    2.62633204460144     
  Starting calculating observables
 
    time distributing smwf   1.36405491828918     
 
  Seq     E_eigen         J (real)    n_J       T (real)
   1        -57.1092          1.5000     1          0.5001
   2        -54.1935          2.5000     1          0.5001
   3        -51.4863          0.5000     1          0.5001
   4        -49.4876          3.5000     1          0.5001
   5        -49.2710          1.5000     2          0.5001
   6        -46.8336          2.5000     2          0.5001
   7        -45.2128          3.5000     2          0.5002
   8        -44.2341          0.5000     2          0.5002
 
    time JTLS observables    17.4018020629883     
    time TBME observables    109.198714971542     
    time reduced OBDMEs      4.11312603950500     
    Max. multipolarity reduced OBDMEs           2
 
 
  Finished observables
 
  Time OBDME and 1- and 2-body obs.   134.875642061234     
 
  Normal completion for MFDn_Mscheme Version 15 
 
  Dimension of matrix               63003395
  Total number of nonzero matrix elements           45472165505
 
  Max. value of nnonzero             10081170144
 
  Sparseness of Hamiltonian 
  Fraction of nonzero matrix elements  2.291119389796631E-005
 
 Time total run    471.240217924118     
 
